<?xml version="1.0" encoding="UTF-8"?>
<!-- Generated by org.testng.reporters.JUnitXMLReporter -->
<testsuite ignored="0" hostname="LAPTOP-UU6C2M3F" failures="0" tests="7" name="Test" time="0.086" errors="0" timestamp="2022-08-09T10:42:43 IST">
  <testcase classname="com.testngrunonsuitleveltask.ClassA" name="method4" time="0.015"/>
  <testcase classname="com.testngrunonsuitleveltask.ClassA" name="method1" time="0.016"/>
  <testcase classname="com.testngrunonsuitleveltask.ClassA" name="method3" time="0.015"/>
  <testcase classname="com.testngrunonsuitleveltask.ClassA" name="method2" time="0.015"/>
  <testcase classname="com.testngrunonsuitleveltask.ClassA" name="method5" time="0.014"/>
  <testcase classname="com.testngrunonsuitleveltask.ClassA" name="method6" time="0.004"/>
  <testcase classname="com.testngrunonsuitleveltask.ClassA" name="method7" time="0.005"/>
</testsuite> <!-- Test -->
