<?xml version="1.0" encoding="UTF-8"?>
<testng-results ignored="0" total="7" passed="6" failed="1" skipped="0">
  <reporter-output>
  </reporter-output>
  <suite started-at="2022-08-13T23:13:04 IST" name="Default suite" finished-at="2022-08-13T23:14:46 IST" duration-ms="101100">
    <groups>
    </groups>
    <test started-at="2022-08-13T23:13:04 IST" name="Default test" finished-at="2022-08-13T23:14:46 IST" duration-ms="101100">
      <class name="org.testngtask.sabasir.TestNgDataProviderInDiffClassUsingAdactinHotel">
        <test-method signature="browserLanunchAndLoginFunction(java.lang.String,java.lang.String,java.lang.String,java.lang.String,java.lang.String,java.lang.String,java.lang.String,java.lang.String,java.lang.String,java.lang.String,java.lang.String,java.lang.String,java.lang.String,java.lang.String,java.lang.String,java.lang.String,java.lang.String,java.lang.String)[pri:0, instance:org.testngtask.sabasir.TestNgDataProviderInDiffClassUsingAdactinHotel@2794eab6]" started-at="2022-08-13T23:13:04 IST" name="browserLanunchAndLoginFunction" data-provider="Adactin automation" finished-at="2022-08-13T23:14:46 IST" duration-ms="101067" status="FAIL">
          <exception class="org.testng.internal.reflect.MethodMatcherException">
            <message>
              <![CDATA[
[private void org.testngtask.sabasir.TestNgDataProviderInDiffClassUsingAdactinHotel.browserLanunchAndLoginFunction(java.lang.String,java.lang.String,java.lang.String,java.lang.String,java.lang.String,java.lang.String,java.lang.String,java.lang.String,java.lang.String,java.lang.String,java.lang.String,java.lang.String,java.lang.String,java.lang.String,java.lang.String,java.lang.String,java.lang.String,java.lang.String)] has no parameters defined but was found to be using a data provider (either explicitly specified or inherited from class level annotation).
Data provider mismatch
Method: browserLanunchAndLoginFunction([java.lang.String arg0, java.lang.String arg1, java.lang.String arg2, java.lang.String arg3, java.lang.String arg4, java.lang.String arg5, java.lang.String arg6, java.lang.String arg7, java.lang.String arg8, java.lang.String arg9, java.lang.String arg10, java.lang.String arg11, java.lang.String arg12, java.lang.String arg13, java.lang.String arg14, java.lang.String arg15, java.lang.String arg16, java.lang.String arg17])
Arguments: [(java.lang.String) sathishFam,(java.lang.String) 741@85BN,(java.lang.String) Los Angeles,(java.lang.String) Hotel Cornice,(java.lang.String) Super Deluxe,(java.lang.String) 6 - Six,(java.lang.String) 25/08/2022,(java.lang.String) 26/08/2022,(java.lang.String) 3 - Three,(java.lang.String) 0 - None,(java.lang.String) Dan,(java.lang.String) Samos,(java.lang.String) Ramsam Gundy,(java.lang.String) 1874567892534567,(java.lang.String) Other,(java.lang.String) November,(java.lang.String) 2022,(java.lang.String) 1911,(java.lang.String) ]]]>
            </message>
            <full-stacktrace>
              <![CDATA[org.testng.internal.reflect.MethodMatcherException: 
[private void org.testngtask.sabasir.TestNgDataProviderInDiffClassUsingAdactinHotel.browserLanunchAndLoginFunction(java.lang.String,java.lang.String,java.lang.String,java.lang.String,java.lang.String,java.lang.String,java.lang.String,java.lang.String,java.lang.String,java.lang.String,java.lang.String,java.lang.String,java.lang.String,java.lang.String,java.lang.String,java.lang.String,java.lang.String,java.lang.String)] has no parameters defined but was found to be using a data provider (either explicitly specified or inherited from class level annotation).
Data provider mismatch
Method: browserLanunchAndLoginFunction([java.lang.String arg0, java.lang.String arg1, java.lang.String arg2, java.lang.String arg3, java.lang.String arg4, java.lang.String arg5, java.lang.String arg6, java.lang.String arg7, java.lang.String arg8, java.lang.String arg9, java.lang.String arg10, java.lang.String arg11, java.lang.String arg12, java.lang.String arg13, java.lang.String arg14, java.lang.String arg15, java.lang.String arg16, java.lang.String arg17])
Arguments: [(java.lang.String) sathishFam,(java.lang.String) 741@85BN,(java.lang.String) Los Angeles,(java.lang.String) Hotel Cornice,(java.lang.String) Super Deluxe,(java.lang.String) 6 - Six,(java.lang.String) 25/08/2022,(java.lang.String) 26/08/2022,(java.lang.String) 3 - Three,(java.lang.String) 0 - None,(java.lang.String) Dan,(java.lang.String) Samos,(java.lang.String) Ramsam Gundy,(java.lang.String) 1874567892534567,(java.lang.String) Other,(java.lang.String) November,(java.lang.String) 2022,(java.lang.String) 1911,(java.lang.String) ]
at org.testng.internal.reflect.DataProviderMethodMatcher.getConformingArguments(DataProviderMethodMatcher.java:46)
at org.testng.internal.Parameters.injectParameters(Parameters.java:918)
at org.testng.internal.invokers.MethodRunner.runInSequence(MethodRunner.java:37)
at org.testng.internal.invokers.TestInvoker$MethodInvocationAgent.invoke(TestInvoker.java:962)
at org.testng.internal.invokers.TestInvoker.invokeTestMethods(TestInvoker.java:194)
at org.testng.internal.invokers.TestMethodWorker.invokeTestMethods(TestMethodWorker.java:148)
at org.testng.internal.invokers.TestMethodWorker.run(TestMethodWorker.java:128)
at java.base/java.util.ArrayList.forEach(ArrayList.java:1511)
at org.testng.TestRunner.privateRun(TestRunner.java:806)
at org.testng.TestRunner.run(TestRunner.java:601)
at org.testng.SuiteRunner.runTest(SuiteRunner.java:433)
at org.testng.SuiteRunner.runSequentially(SuiteRunner.java:427)
at org.testng.SuiteRunner.privateRun(SuiteRunner.java:387)
at org.testng.SuiteRunner.run(SuiteRunner.java:330)
at org.testng.SuiteRunnerWorker.runSuite(SuiteRunnerWorker.java:52)
at org.testng.SuiteRunnerWorker.run(SuiteRunnerWorker.java:95)
at org.testng.TestNG.runSuitesSequentially(TestNG.java:1256)
at org.testng.TestNG.runSuitesLocally(TestNG.java:1176)
at org.testng.TestNG.runSuites(TestNG.java:1099)
at org.testng.TestNG.run(TestNG.java:1067)
at org.testng.remote.AbstractRemoteTestNG.run(AbstractRemoteTestNG.java:115)
at org.testng.remote.RemoteTestNG.initAndRun(RemoteTestNG.java:251)
at org.testng.remote.RemoteTestNG.main(RemoteTestNG.java:77)
]]>
            </full-stacktrace>
          </exception> <!-- org.testng.internal.reflect.MethodMatcherException -->
          <reporter-output>
          </reporter-output>
        </test-method> <!-- browserLanunchAndLoginFunction -->
        <test-method signature="browserLanunchAndLoginFunction(java.lang.String,java.lang.String,java.lang.String,java.lang.String,java.lang.String,java.lang.String,java.lang.String,java.lang.String,java.lang.String,java.lang.String,java.lang.String,java.lang.String,java.lang.String,java.lang.String,java.lang.String,java.lang.String,java.lang.String,java.lang.String)[pri:0, instance:org.testngtask.sabasir.TestNgDataProviderInDiffClassUsingAdactinHotel@2794eab6]" started-at="2022-08-13T23:13:05 IST" name="browserLanunchAndLoginFunction" data-provider="Adactin automation" finished-at="2022-08-13T23:13:23 IST" duration-ms="18471" status="PASS">
          <params>
            <param index="0">
              <value>
                <![CDATA[sathishFam]]>
              </value>
            </param>
            <param index="1">
              <value>
                <![CDATA[741@85BN]]>
              </value>
            </param>
            <param index="2">
              <value>
                <![CDATA[London]]>
              </value>
            </param>
            <param index="3">
              <value>
                <![CDATA[Hotel Sunshine]]>
              </value>
            </param>
            <param index="4">
              <value>
                <![CDATA[Double]]>
              </value>
            </param>
            <param index="5">
              <value>
                <![CDATA[1 - One]]>
              </value>
            </param>
            <param index="6">
              <value>
                <![CDATA[25/08/2022]]>
              </value>
            </param>
            <param index="7">
              <value>
                <![CDATA[26/08/2022]]>
              </value>
            </param>
            <param index="8">
              <value>
                <![CDATA[2 - Two]]>
              </value>
            </param>
            <param index="9">
              <value>
                <![CDATA[0 - None]]>
              </value>
            </param>
            <param index="10">
              <value>
                <![CDATA[Sathish]]>
              </value>
            </param>
            <param index="11">
              <value>
                <![CDATA[Kumar]]>
              </value>
            </param>
            <param index="12">
              <value>
                <![CDATA[Omr Chennai]]>
              </value>
            </param>
            <param index="13">
              <value>
                <![CDATA[2534567892534567]]>
              </value>
            </param>
            <param index="14">
              <value>
                <![CDATA[VISA]]>
              </value>
            </param>
            <param index="15">
              <value>
                <![CDATA[November]]>
              </value>
            </param>
            <param index="16">
              <value>
                <![CDATA[2022]]>
              </value>
            </param>
            <param index="17">
              <value>
                <![CDATA[1311]]>
              </value>
            </param>
          </params>
          <reporter-output>
          </reporter-output>
        </test-method> <!-- browserLanunchAndLoginFunction -->
        <test-method signature="browserLanunchAndLoginFunction(java.lang.String,java.lang.String,java.lang.String,java.lang.String,java.lang.String,java.lang.String,java.lang.String,java.lang.String,java.lang.String,java.lang.String,java.lang.String,java.lang.String,java.lang.String,java.lang.String,java.lang.String,java.lang.String,java.lang.String,java.lang.String)[pri:0, instance:org.testngtask.sabasir.TestNgDataProviderInDiffClassUsingAdactinHotel@2794eab6]" started-at="2022-08-13T23:13:23 IST" name="browserLanunchAndLoginFunction" data-provider="Adactin automation" finished-at="2022-08-13T23:13:39 IST" duration-ms="16168" status="PASS">
          <params>
            <param index="0">
              <value>
                <![CDATA[sathishFam]]>
              </value>
            </param>
            <param index="1">
              <value>
                <![CDATA[741@85BN]]>
              </value>
            </param>
            <param index="2">
              <value>
                <![CDATA[Melbourne]]>
              </value>
            </param>
            <param index="3">
              <value>
                <![CDATA[Hotel Hervey]]>
              </value>
            </param>
            <param index="4">
              <value>
                <![CDATA[Standard]]>
              </value>
            </param>
            <param index="5">
              <value>
                <![CDATA[2 - Two]]>
              </value>
            </param>
            <param index="6">
              <value>
                <![CDATA[25/08/2022]]>
              </value>
            </param>
            <param index="7">
              <value>
                <![CDATA[26/08/2022]]>
              </value>
            </param>
            <param index="8">
              <value>
                <![CDATA[3 - Three]]>
              </value>
            </param>
            <param index="9">
              <value>
                <![CDATA[3 - Three]]>
              </value>
            </param>
            <param index="10">
              <value>
                <![CDATA[Mohan]]>
              </value>
            </param>
            <param index="11">
              <value>
                <![CDATA[Ram]]>
              </value>
            </param>
            <param index="12">
              <value>
                <![CDATA[kani Madurai]]>
              </value>
            </param>
            <param index="13">
              <value>
                <![CDATA[1334567892534567]]>
              </value>
            </param>
            <param index="14">
              <value>
                <![CDATA[American Express]]>
              </value>
            </param>
            <param index="15">
              <value>
                <![CDATA[November]]>
              </value>
            </param>
            <param index="16">
              <value>
                <![CDATA[2022]]>
              </value>
            </param>
            <param index="17">
              <value>
                <![CDATA[1311]]>
              </value>
            </param>
          </params>
          <reporter-output>
          </reporter-output>
        </test-method> <!-- browserLanunchAndLoginFunction -->
        <test-method signature="browserLanunchAndLoginFunction(java.lang.String,java.lang.String,java.lang.String,java.lang.String,java.lang.String,java.lang.String,java.lang.String,java.lang.String,java.lang.String,java.lang.String,java.lang.String,java.lang.String,java.lang.String,java.lang.String,java.lang.String,java.lang.String,java.lang.String,java.lang.String)[pri:0, instance:org.testngtask.sabasir.TestNgDataProviderInDiffClassUsingAdactinHotel@2794eab6]" started-at="2022-08-13T23:13:39 IST" name="browserLanunchAndLoginFunction" data-provider="Adactin automation" finished-at="2022-08-13T23:13:56 IST" duration-ms="16502" status="PASS">
          <params>
            <param index="0">
              <value>
                <![CDATA[sathishFam]]>
              </value>
            </param>
            <param index="1">
              <value>
                <![CDATA[741@85BN]]>
              </value>
            </param>
            <param index="2">
              <value>
                <![CDATA[Brisbane]]>
              </value>
            </param>
            <param index="3">
              <value>
                <![CDATA[Hotel Cornice]]>
              </value>
            </param>
            <param index="4">
              <value>
                <![CDATA[Deluxe]]>
              </value>
            </param>
            <param index="5">
              <value>
                <![CDATA[3 - Three]]>
              </value>
            </param>
            <param index="6">
              <value>
                <![CDATA[25/08/2022]]>
              </value>
            </param>
            <param index="7">
              <value>
                <![CDATA[26/08/2022]]>
              </value>
            </param>
            <param index="8">
              <value>
                <![CDATA[4 - Four]]>
              </value>
            </param>
            <param index="9">
              <value>
                <![CDATA[1 - One]]>
              </value>
            </param>
            <param index="10">
              <value>
                <![CDATA[Sab]]>
              </value>
            </param>
            <param index="11">
              <value>
                <![CDATA[Den]]>
              </value>
            </param>
            <param index="12">
              <value>
                <![CDATA[velea Kelembakam]]>
              </value>
            </param>
            <param index="13">
              <value>
                <![CDATA[1434567892534567]]>
              </value>
            </param>
            <param index="14">
              <value>
                <![CDATA[Master Card]]>
              </value>
            </param>
            <param index="15">
              <value>
                <![CDATA[November]]>
              </value>
            </param>
            <param index="16">
              <value>
                <![CDATA[2022]]>
              </value>
            </param>
            <param index="17">
              <value>
                <![CDATA[1311]]>
              </value>
            </param>
          </params>
          <reporter-output>
          </reporter-output>
        </test-method> <!-- browserLanunchAndLoginFunction -->
        <test-method signature="browserLanunchAndLoginFunction(java.lang.String,java.lang.String,java.lang.String,java.lang.String,java.lang.String,java.lang.String,java.lang.String,java.lang.String,java.lang.String,java.lang.String,java.lang.String,java.lang.String,java.lang.String,java.lang.String,java.lang.String,java.lang.String,java.lang.String,java.lang.String)[pri:0, instance:org.testngtask.sabasir.TestNgDataProviderInDiffClassUsingAdactinHotel@2794eab6]" started-at="2022-08-13T23:13:56 IST" name="browserLanunchAndLoginFunction" data-provider="Adactin automation" finished-at="2022-08-13T23:14:13 IST" duration-ms="17669" status="PASS">
          <params>
            <param index="0">
              <value>
                <![CDATA[sathishFam]]>
              </value>
            </param>
            <param index="1">
              <value>
                <![CDATA[741@85BN]]>
              </value>
            </param>
            <param index="2">
              <value>
                <![CDATA[Adelaide]]>
              </value>
            </param>
            <param index="3">
              <value>
                <![CDATA[Hotel Creek]]>
              </value>
            </param>
            <param index="4">
              <value>
                <![CDATA[Super Deluxe]]>
              </value>
            </param>
            <param index="5">
              <value>
                <![CDATA[8 - Eight]]>
              </value>
            </param>
            <param index="6">
              <value>
                <![CDATA[25/08/2022]]>
              </value>
            </param>
            <param index="7">
              <value>
                <![CDATA[26/08/2022]]>
              </value>
            </param>
            <param index="8">
              <value>
                <![CDATA[1 - One]]>
              </value>
            </param>
            <param index="9">
              <value>
                <![CDATA[3 - Three]]>
              </value>
            </param>
            <param index="10">
              <value>
                <![CDATA[Sam]]>
              </value>
            </param>
            <param index="11">
              <value>
                <![CDATA[Sung]]>
              </value>
            </param>
            <param index="12">
              <value>
                <![CDATA[sabuthin Menabakam]]>
              </value>
            </param>
            <param index="13">
              <value>
                <![CDATA[2634567892534567]]>
              </value>
            </param>
            <param index="14">
              <value>
                <![CDATA[Master Card]]>
              </value>
            </param>
            <param index="15">
              <value>
                <![CDATA[November]]>
              </value>
            </param>
            <param index="16">
              <value>
                <![CDATA[2022]]>
              </value>
            </param>
            <param index="17">
              <value>
                <![CDATA[1311]]>
              </value>
            </param>
          </params>
          <reporter-output>
          </reporter-output>
        </test-method> <!-- browserLanunchAndLoginFunction -->
        <test-method signature="browserLanunchAndLoginFunction(java.lang.String,java.lang.String,java.lang.String,java.lang.String,java.lang.String,java.lang.String,java.lang.String,java.lang.String,java.lang.String,java.lang.String,java.lang.String,java.lang.String,java.lang.String,java.lang.String,java.lang.String,java.lang.String,java.lang.String,java.lang.String)[pri:0, instance:org.testngtask.sabasir.TestNgDataProviderInDiffClassUsingAdactinHotel@2794eab6]" started-at="2022-08-13T23:14:13 IST" name="browserLanunchAndLoginFunction" data-provider="Adactin automation" finished-at="2022-08-13T23:14:30 IST" duration-ms="16752" status="PASS">
          <params>
            <param index="0">
              <value>
                <![CDATA[sathishFam]]>
              </value>
            </param>
            <param index="1">
              <value>
                <![CDATA[741@85BN]]>
              </value>
            </param>
            <param index="2">
              <value>
                <![CDATA[New York]]>
              </value>
            </param>
            <param index="3">
              <value>
                <![CDATA[Hotel Sunshine]]>
              </value>
            </param>
            <param index="4">
              <value>
                <![CDATA[Double]]>
              </value>
            </param>
            <param index="5">
              <value>
                <![CDATA[4 - Four]]>
              </value>
            </param>
            <param index="6">
              <value>
                <![CDATA[25/08/2022]]>
              </value>
            </param>
            <param index="7">
              <value>
                <![CDATA[26/08/2022]]>
              </value>
            </param>
            <param index="8">
              <value>
                <![CDATA[3 - Three]]>
              </value>
            </param>
            <param index="9">
              <value>
                <![CDATA[4 - Four]]>
              </value>
            </param>
            <param index="10">
              <value>
                <![CDATA[Mathew]]>
              </value>
            </param>
            <param index="11">
              <value>
                <![CDATA[Raja]]>
              </value>
            </param>
            <param index="12">
              <value>
                <![CDATA[kani Madurai]]>
              </value>
            </param>
            <param index="13">
              <value>
                <![CDATA[1734567892534567]]>
              </value>
            </param>
            <param index="14">
              <value>
                <![CDATA[American Express]]>
              </value>
            </param>
            <param index="15">
              <value>
                <![CDATA[November]]>
              </value>
            </param>
            <param index="16">
              <value>
                <![CDATA[2022]]>
              </value>
            </param>
            <param index="17">
              <value>
                <![CDATA[1711]]>
              </value>
            </param>
          </params>
          <reporter-output>
          </reporter-output>
        </test-method> <!-- browserLanunchAndLoginFunction -->
        <test-method signature="browserLanunchAndLoginFunction(java.lang.String,java.lang.String,java.lang.String,java.lang.String,java.lang.String,java.lang.String,java.lang.String,java.lang.String,java.lang.String,java.lang.String,java.lang.String,java.lang.String,java.lang.String,java.lang.String,java.lang.String,java.lang.String,java.lang.String,java.lang.String)[pri:0, instance:org.testngtask.sabasir.TestNgDataProviderInDiffClassUsingAdactinHotel@2794eab6]" started-at="2022-08-13T23:14:30 IST" name="browserLanunchAndLoginFunction" data-provider="Adactin automation" finished-at="2022-08-13T23:14:46 IST" duration-ms="15458" status="PASS">
          <params>
            <param index="0">
              <value>
                <![CDATA[sathishFam]]>
              </value>
            </param>
            <param index="1">
              <value>
                <![CDATA[741@85BN]]>
              </value>
            </param>
            <param index="2">
              <value>
                <![CDATA[London]]>
              </value>
            </param>
            <param index="3">
              <value>
                <![CDATA[Hotel Cornice]]>
              </value>
            </param>
            <param index="4">
              <value>
                <![CDATA[Standard]]>
              </value>
            </param>
            <param index="5">
              <value>
                <![CDATA[5 - Five]]>
              </value>
            </param>
            <param index="6">
              <value>
                <![CDATA[25/08/2022]]>
              </value>
            </param>
            <param index="7">
              <value>
                <![CDATA[26/08/2022]]>
              </value>
            </param>
            <param index="8">
              <value>
                <![CDATA[4 - Four]]>
              </value>
            </param>
            <param index="9">
              <value>
                <![CDATA[2 - Two]]>
              </value>
            </param>
            <param index="10">
              <value>
                <![CDATA[Mano]]>
              </value>
            </param>
            <param index="11">
              <value>
                <![CDATA[Arton]]>
              </value>
            </param>
            <param index="12">
              <value>
                <![CDATA[Omr Chennai]]>
              </value>
            </param>
            <param index="13">
              <value>
                <![CDATA[1004567892534567]]>
              </value>
            </param>
            <param index="14">
              <value>
                <![CDATA[VISA]]>
              </value>
            </param>
            <param index="15">
              <value>
                <![CDATA[November]]>
              </value>
            </param>
            <param index="16">
              <value>
                <![CDATA[2022]]>
              </value>
            </param>
            <param index="17">
              <value>
                <![CDATA[1711]]>
              </value>
            </param>
          </params>
          <reporter-output>
          </reporter-output>
        </test-method> <!-- browserLanunchAndLoginFunction -->
      </class> <!-- org.testngtask.sabasir.TestNgDataProviderInDiffClassUsingAdactinHotel -->
    </test> <!-- Default test -->
  </suite> <!-- Default suite -->
</testng-results>
